  camera.cpp
C:\Users\ethan\OneDrive\University Work\Computer Science\3D Computer Graphics\Project\FinalProject_3307_AitkenMajor\T8\include\camera.h(4,9): warning C4005: 'GLEW_STATIC': macro redefinition
  (compiling source file '../src/camera.cpp')
      C:\Users\ethan\OneDrive\University Work\Computer Science\3D Computer Graphics\Project\FinalProject_3307_AitkenMajor\T8\include\camera.h(4,9):
      'GLEW_STATIC' previously declared on the command line
  
C:\Users\ethan\OneDrive\University Work\Computer Science\3D Computer Graphics\Project\FinalProject_3307_AitkenMajor\T8\src\camera.cpp(8,12): warning C4244: 'initializing': conversion from 'double' to 'float', possible loss of data
  GLM: perspective function taking degrees as a parameter is deprecated. #define GLM_FORCE_RADIANS before including GLM headers to remove this message.
  GLM: angleAxis function taking degrees as a parameter is deprecated. #define GLM_FORCE_RADIANS before including GLM headers to remove this message.
glew32s.lib(glew.obj) : warning LNK4099: PDB 'glew_static.pdb' was not found with 'glew32s.lib(glew.obj)' or at 'C:\Users\ethan\OneDrive\University Work\Computer Science\3D Computer Graphics\Project\FinalProject_3307_AitkenMajor\T8\build\Debug\glew_static.pdb'; linking object as if no debug info
  SOIL.lib(SOIL.obj) : MSIL .netmodule or module compiled with /GL found; restarting link with /LTCG; add /LTCG to the link command line to improve linker performance
LINK : warning LNK4075: ignoring '/INCREMENTAL' due to '/LTCG' specification
LINK : warning LNK4098: defaultlib 'LIBCMT' conflicts with use of other libs; use /NODEFAULTLIB:library
LINK : warning LNK4098: defaultlib 'MSVCRT' conflicts with use of other libs; use /NODEFAULTLIB:library
  Generating code
  Finished generating code
glew32s.lib(glew.obj) : warning LNK4099: PDB 'glew_static.pdb' was not found with 'glew32s.lib(glew.obj)' or at 'C:\Users\ethan\OneDrive\University Work\Computer Science\3D Computer Graphics\Project\FinalProject_3307_AitkenMajor\T8\build\Debug\glew_static.pdb'; linking object as if no debug info
SOIL.lib(SOIL.obj) : warning LNK4099: PDB 'SOIL.pdb' was not found with 'SOIL.lib(SOIL.obj)' or at 'C:\Users\ethan\OneDrive\University Work\Computer Science\3D Computer Graphics\Project\FinalProject_3307_AitkenMajor\T8\build\Debug\SOIL.pdb'; linking object as if no debug info
SOIL.lib(image_helper.obj) : warning LNK4099: PDB 'SOIL.pdb' was not found with 'SOIL.lib(image_helper.obj)' or at 'C:\Users\ethan\OneDrive\University Work\Computer Science\3D Computer Graphics\Project\FinalProject_3307_AitkenMajor\T8\build\Debug\SOIL.pdb'; linking object as if no debug info
SOIL.lib(stb_image_aug.obj) : warning LNK4099: PDB 'SOIL.pdb' was not found with 'SOIL.lib(stb_image_aug.obj)' or at 'C:\Users\ethan\OneDrive\University Work\Computer Science\3D Computer Graphics\Project\FinalProject_3307_AitkenMajor\T8\build\Debug\SOIL.pdb'; linking object as if no debug info
SOIL.lib(image_DXT.obj) : warning LNK4099: PDB 'SOIL.pdb' was not found with 'SOIL.lib(image_DXT.obj)' or at 'C:\Users\ethan\OneDrive\University Work\Computer Science\3D Computer Graphics\Project\FinalProject_3307_AitkenMajor\T8\build\Debug\SOIL.pdb'; linking object as if no debug info
  Tutorial8.vcxproj -> C:\Users\ethan\OneDrive\University Work\Computer Science\3D Computer Graphics\Project\FinalProject_3307_AitkenMajor\T8\build\Debug\Tutorial8_d.exe
